Copyright 1986-2019 Xilinx, Inc. All Rights Reserved.
--------------------------------------------------------------------------------------------------------------------------------------------------------------
| Tool Version : Vivado v.2019.1.3 (win64) Build 2644227 Wed Sep  4 09:45:24 MDT 2019
| Date         : Sat Sep 28 17:16:14 2019
| Host         : DESKTOP-D0RM162 running 64-bit major release  (build 9200)
| Command      : report_methodology -file pj_final_methodology_drc_routed.rpt -pb pj_final_methodology_drc_routed.pb -rpx pj_final_methodology_drc_routed.rpx
| Design       : pj_final
| Device       : xc7a35tcpg236-1
| Speed File   : -1
| Design State : Fully Routed
--------------------------------------------------------------------------------------------------------------------------------------------------------------

Report Methodology

Table of Contents
-----------------
1. REPORT SUMMARY
2. REPORT DETAILS

1. REPORT SUMMARY
-----------------
            Netlist: netlist
          Floorplan: design_1
      Design limits: <entire design considered>
             Max violations: <unlimited>
             Violations found: 53
+-----------+------------------+-------------------------------+------------+
| Rule      | Severity         | Description                   | Violations |
+-----------+------------------+-------------------------------+------------+
| TIMING-17 | Critical Warning | Non-clocked sequential cell   | 37         |
| TIMING-18 | Warning          | Missing input or output delay | 16         |
+-----------+------------------+-------------------------------+------------+

2. REPORT DETAILS
-----------------
TIMING-17#1 Critical Warning
Non-clocked sequential cell  
The clock pin program_rom/instantiate_loader.jtag_loader_6_inst/jtag_loader_gen.bram_ce_reg[0]/C is not reached by a timing clock
Related violations: <none>

TIMING-17#2 Critical Warning
Non-clocked sequential cell  
The clock pin program_rom/instantiate_loader.jtag_loader_6_inst/jtag_loader_gen.control_dout_int_reg[3]/C is not reached by a timing clock
Related violations: <none>

TIMING-17#3 Critical Warning
Non-clocked sequential cell  
The clock pin program_rom/instantiate_loader.jtag_loader_6_inst/jtag_loader_gen.control_dout_int_reg[4]/C is not reached by a timing clock
Related violations: <none>

TIMING-17#4 Critical Warning
Non-clocked sequential cell  
The clock pin program_rom/instantiate_loader.jtag_loader_6_inst/jtag_loader_gen.control_dout_int_reg[7]/C is not reached by a timing clock
Related violations: <none>

TIMING-17#5 Critical Warning
Non-clocked sequential cell  
The clock pin program_rom/instantiate_loader.jtag_loader_6_inst/jtag_loader_gen.control_reg_ce_reg/C is not reached by a timing clock
Related violations: <none>

TIMING-17#6 Critical Warning
Non-clocked sequential cell  
The clock pin program_rom/instantiate_loader.jtag_loader_6_inst/jtag_loader_gen.jtag_addr_int_reg[0]/C is not reached by a timing clock
Related violations: <none>

TIMING-17#7 Critical Warning
Non-clocked sequential cell  
The clock pin program_rom/instantiate_loader.jtag_loader_6_inst/jtag_loader_gen.jtag_din_int_reg[0]/C is not reached by a timing clock
Related violations: <none>

TIMING-17#8 Critical Warning
Non-clocked sequential cell  
The clock pin program_rom/instantiate_loader.jtag_loader_6_inst/jtag_loader_gen.jtag_we_int_reg/C is not reached by a timing clock
Related violations: <none>

TIMING-17#9 Critical Warning
Non-clocked sequential cell  
The clock pin program_rom/instantiate_loader.jtag_loader_6_inst/jtag_loader_gen.loop1[0].jtag_addr_int_reg[1]/C is not reached by a timing clock
Related violations: <none>

TIMING-17#10 Critical Warning
Non-clocked sequential cell  
The clock pin program_rom/instantiate_loader.jtag_loader_6_inst/jtag_loader_gen.loop1[1].jtag_addr_int_reg[2]/C is not reached by a timing clock
Related violations: <none>

TIMING-17#11 Critical Warning
Non-clocked sequential cell  
The clock pin program_rom/instantiate_loader.jtag_loader_6_inst/jtag_loader_gen.loop1[2].jtag_addr_int_reg[3]/C is not reached by a timing clock
Related violations: <none>

TIMING-17#12 Critical Warning
Non-clocked sequential cell  
The clock pin program_rom/instantiate_loader.jtag_loader_6_inst/jtag_loader_gen.loop1[3].jtag_addr_int_reg[4]/C is not reached by a timing clock
Related violations: <none>

TIMING-17#13 Critical Warning
Non-clocked sequential cell  
The clock pin program_rom/instantiate_loader.jtag_loader_6_inst/jtag_loader_gen.loop1[4].jtag_addr_int_reg[5]/C is not reached by a timing clock
Related violations: <none>

TIMING-17#14 Critical Warning
Non-clocked sequential cell  
The clock pin program_rom/instantiate_loader.jtag_loader_6_inst/jtag_loader_gen.loop1[5].jtag_addr_int_reg[6]/C is not reached by a timing clock
Related violations: <none>

TIMING-17#15 Critical Warning
Non-clocked sequential cell  
The clock pin program_rom/instantiate_loader.jtag_loader_6_inst/jtag_loader_gen.loop1[6].jtag_addr_int_reg[7]/C is not reached by a timing clock
Related violations: <none>

TIMING-17#16 Critical Warning
Non-clocked sequential cell  
The clock pin program_rom/instantiate_loader.jtag_loader_6_inst/jtag_loader_gen.loop1[7].jtag_addr_int_reg[8]/C is not reached by a timing clock
Related violations: <none>

TIMING-17#17 Critical Warning
Non-clocked sequential cell  
The clock pin program_rom/instantiate_loader.jtag_loader_6_inst/jtag_loader_gen.loop1[8].jtag_addr_int_reg[9]/C is not reached by a timing clock
Related violations: <none>

TIMING-17#18 Critical Warning
Non-clocked sequential cell  
The clock pin program_rom/instantiate_loader.jtag_loader_6_inst/jtag_loader_gen.loop1[9].jtag_addr_int_reg[10]/C is not reached by a timing clock
Related violations: <none>

TIMING-17#19 Critical Warning
Non-clocked sequential cell  
The clock pin program_rom/instantiate_loader.jtag_loader_6_inst/jtag_loader_gen.loop2[0].jtag_din_int_reg[1]/C is not reached by a timing clock
Related violations: <none>

TIMING-17#20 Critical Warning
Non-clocked sequential cell  
The clock pin program_rom/instantiate_loader.jtag_loader_6_inst/jtag_loader_gen.loop2[10].jtag_din_int_reg[11]/C is not reached by a timing clock
Related violations: <none>

TIMING-17#21 Critical Warning
Non-clocked sequential cell  
The clock pin program_rom/instantiate_loader.jtag_loader_6_inst/jtag_loader_gen.loop2[11].jtag_din_int_reg[12]/C is not reached by a timing clock
Related violations: <none>

TIMING-17#22 Critical Warning
Non-clocked sequential cell  
The clock pin program_rom/instantiate_loader.jtag_loader_6_inst/jtag_loader_gen.loop2[12].jtag_din_int_reg[13]/C is not reached by a timing clock
Related violations: <none>

TIMING-17#23 Critical Warning
Non-clocked sequential cell  
The clock pin program_rom/instantiate_loader.jtag_loader_6_inst/jtag_loader_gen.loop2[13].jtag_din_int_reg[14]/C is not reached by a timing clock
Related violations: <none>

TIMING-17#24 Critical Warning
Non-clocked sequential cell  
The clock pin program_rom/instantiate_loader.jtag_loader_6_inst/jtag_loader_gen.loop2[14].jtag_din_int_reg[15]/C is not reached by a timing clock
Related violations: <none>

TIMING-17#25 Critical Warning
Non-clocked sequential cell  
The clock pin program_rom/instantiate_loader.jtag_loader_6_inst/jtag_loader_gen.loop2[15].jtag_din_int_reg[16]/C is not reached by a timing clock
Related violations: <none>

TIMING-17#26 Critical Warning
Non-clocked sequential cell  
The clock pin program_rom/instantiate_loader.jtag_loader_6_inst/jtag_loader_gen.loop2[16].jtag_din_int_reg[17]/C is not reached by a timing clock
Related violations: <none>

TIMING-17#27 Critical Warning
Non-clocked sequential cell  
The clock pin program_rom/instantiate_loader.jtag_loader_6_inst/jtag_loader_gen.loop2[1].jtag_din_int_reg[2]/C is not reached by a timing clock
Related violations: <none>

TIMING-17#28 Critical Warning
Non-clocked sequential cell  
The clock pin program_rom/instantiate_loader.jtag_loader_6_inst/jtag_loader_gen.loop2[2].jtag_din_int_reg[3]/C is not reached by a timing clock
Related violations: <none>

TIMING-17#29 Critical Warning
Non-clocked sequential cell  
The clock pin program_rom/instantiate_loader.jtag_loader_6_inst/jtag_loader_gen.loop2[3].jtag_din_int_reg[4]/C is not reached by a timing clock
Related violations: <none>

TIMING-17#30 Critical Warning
Non-clocked sequential cell  
The clock pin program_rom/instantiate_loader.jtag_loader_6_inst/jtag_loader_gen.loop2[4].jtag_din_int_reg[5]/C is not reached by a timing clock
Related violations: <none>

TIMING-17#31 Critical Warning
Non-clocked sequential cell  
The clock pin program_rom/instantiate_loader.jtag_loader_6_inst/jtag_loader_gen.loop2[5].jtag_din_int_reg[6]/C is not reached by a timing clock
Related violations: <none>

TIMING-17#32 Critical Warning
Non-clocked sequential cell  
The clock pin program_rom/instantiate_loader.jtag_loader_6_inst/jtag_loader_gen.loop2[6].jtag_din_int_reg[7]/C is not reached by a timing clock
Related violations: <none>

TIMING-17#33 Critical Warning
Non-clocked sequential cell  
The clock pin program_rom/instantiate_loader.jtag_loader_6_inst/jtag_loader_gen.loop2[7].jtag_din_int_reg[8]/C is not reached by a timing clock
Related violations: <none>

TIMING-17#34 Critical Warning
Non-clocked sequential cell  
The clock pin program_rom/instantiate_loader.jtag_loader_6_inst/jtag_loader_gen.loop2[8].jtag_din_int_reg[9]/C is not reached by a timing clock
Related violations: <none>

TIMING-17#35 Critical Warning
Non-clocked sequential cell  
The clock pin program_rom/instantiate_loader.jtag_loader_6_inst/jtag_loader_gen.loop2[9].jtag_din_int_reg[10]/C is not reached by a timing clock
Related violations: <none>

TIMING-17#36 Critical Warning
Non-clocked sequential cell  
The clock pin program_rom/instantiate_loader.jtag_loader_6_inst/jtag_loader_gen.picoblaze_reset_int_reg[0]/C is not reached by a timing clock
Related violations: <none>

TIMING-17#37 Critical Warning
Non-clocked sequential cell  
The clock pin program_rom/ram_2k_generate.akv7.kcpsm6_rom/CLKBWRCLK is not reached by a timing clock
Related violations: <none>

TIMING-18#1 Warning
Missing input or output delay  
An output delay is missing on led[0] relative to clock(s) sys_clk_pin
Related violations: <none>

TIMING-18#2 Warning
Missing input or output delay  
An output delay is missing on led[10] relative to clock(s) sys_clk_pin
Related violations: <none>

TIMING-18#3 Warning
Missing input or output delay  
An output delay is missing on led[11] relative to clock(s) sys_clk_pin
Related violations: <none>

TIMING-18#4 Warning
Missing input or output delay  
An output delay is missing on led[12] relative to clock(s) sys_clk_pin
Related violations: <none>

TIMING-18#5 Warning
Missing input or output delay  
An output delay is missing on led[13] relative to clock(s) sys_clk_pin
Related violations: <none>

TIMING-18#6 Warning
Missing input or output delay  
An output delay is missing on led[14] relative to clock(s) sys_clk_pin
Related violations: <none>

TIMING-18#7 Warning
Missing input or output delay  
An output delay is missing on led[15] relative to clock(s) sys_clk_pin
Related violations: <none>

TIMING-18#8 Warning
Missing input or output delay  
An output delay is missing on led[1] relative to clock(s) sys_clk_pin
Related violations: <none>

TIMING-18#9 Warning
Missing input or output delay  
An output delay is missing on led[2] relative to clock(s) sys_clk_pin
Related violations: <none>

TIMING-18#10 Warning
Missing input or output delay  
An output delay is missing on led[3] relative to clock(s) sys_clk_pin
Related violations: <none>

TIMING-18#11 Warning
Missing input or output delay  
An output delay is missing on led[4] relative to clock(s) sys_clk_pin
Related violations: <none>

TIMING-18#12 Warning
Missing input or output delay  
An output delay is missing on led[5] relative to clock(s) sys_clk_pin
Related violations: <none>

TIMING-18#13 Warning
Missing input or output delay  
An output delay is missing on led[6] relative to clock(s) sys_clk_pin
Related violations: <none>

TIMING-18#14 Warning
Missing input or output delay  
An output delay is missing on led[7] relative to clock(s) sys_clk_pin
Related violations: <none>

TIMING-18#15 Warning
Missing input or output delay  
An output delay is missing on led[8] relative to clock(s) sys_clk_pin
Related violations: <none>

TIMING-18#16 Warning
Missing input or output delay  
An output delay is missing on led[9] relative to clock(s) sys_clk_pin
Related violations: <none>


